Start testing: Apr 28 16:40 CST
----------------------------------------------------------
1/1 Testing: example_test
1/1 Test: example_test
Command: "/mnt/d/情栀凉橙/cpp/ChengZiList/cmake-build-debug/test/example_test"
Directory: /mnt/d/情栀凉橙/cpp/ChengZiList/cmake-build-debug/test
"example_test" start time: Apr 28 16:40 CST
Output:
----------------------------------------------------------
Running main() from /mnt/d/情栀凉橙/cpp/ChengZiList/lib/googletest/googletest/src/gtest_main.cc
[==========] Running 2 tests from 1 tst suite.
[----------] Global tst environment set-up.
[----------] 2 tests from ExampleTest
[ RUN      ] ExampleTest.BasicAssertions
[       OK ] ExampleTest.BasicAssertions (0 ms)
[ RUN      ] ExampleTest.StringComparison
[       OK ] ExampleTest.StringComparison (0 ms)
[----------] 2 tests from ExampleTest (0 ms total)

[----------] Global tst environment tear-down
[==========] 2 tests from 1 tst suite ran. (0 ms total)
[  PASSED  ] 2 tests.
<end of output>
Test time =   0.04 sec
----------------------------------------------------------
Test Passed.
"example_test" end time: Apr 28 16:40 CST
"example_test" time elapsed: 00:00:00
----------------------------------------------------------

End testing: Apr 28 16:40 CST
